<?xml version="1.0" encoding="UTF-8"?>
<!-- Generated by org.testng.reporters.JUnitXMLReporter -->
<testsuite ignored="0" hostname="LAPTOP-O5TD7OC9" failures="0" tests="2" name="Error Validations Test" time="41.795" errors="0" timestamp="2025-12-04T19:16:37 IST">
  <testcase classname="rahulshettyacademy.tests.ErrorValidationsTest" name="LoginErrorValidation" time="13.236"/>
  <testcase classname="rahulshettyacademy.tests.ErrorValidationsTest" name="ProductErrorValidation" time="24.256"/>
</testsuite> <!-- Error Validations Test -->
