<?xml version="1.0" encoding="UTF-8"?>
<!-- Generated by org.testng.reporters.JUnitReportReporter -->
<testsuite hostname="LAPTOP-O5TD7OC9" failures="0" tests="3" name="rahulshettyacademy.tests.SubmitOrderTest" time="66.010" errors="0" timestamp="2025-12-04T19:17:01 IST" skipped="0">
  <testcase classname="rahulshettyacademy.tests.SubmitOrderTest" name="submitOrder" time="17.047"/>
  <testcase classname="rahulshettyacademy.tests.SubmitOrderTest" name="submitOrder" time="46.318"/>
  <testcase classname="rahulshettyacademy.tests.SubmitOrderTest" name="OrderHistoryTest" time="2.645"/>
</testsuite> <!-- rahulshettyacademy.tests.SubmitOrderTest -->
