<?xml version="1.0" encoding="UTF-8"?>
<!-- Generated by org.testng.reporters.JUnitReportReporter -->
<testsuite hostname="LAPTOP-O5TD7OC9" failures="0" tests="2" name="rahulshettyacademy.tests.ErrorValidationsTest" time="41.315" errors="0" timestamp="2025-12-04T19:17:01 IST" skipped="0">
  <testcase classname="rahulshettyacademy.tests.ErrorValidationsTest" name="LoginErrorValidation" time="15.409"/>
  <testcase classname="rahulshettyacademy.tests.ErrorValidationsTest" name="ProductErrorValidation" time="25.906"/>
</testsuite> <!-- rahulshettyacademy.tests.ErrorValidationsTest -->
